MPASM  5.14                    16F84ATEMP.ASM   8-17-2012  10:52:43         PAGE  1


LOC  OBJECT CODE     LINE SOURCE TEXT
  VALUE

                      00001 ;**********************************************************************
                      00002 ;   This file is a basic code template for assembly code generation   *
                      00003 ;   on the PIC16F84A. This file contains the basic code               *
                      00004 ;   building blocks to build upon.                                    *  
                      00005 ;                                                                     *
                      00006 ;   If interrupts are not used all code presented between the ORG     *
                      00007 ;   0x004 directive and the label main can be removed. In addition    *
                      00008 ;   the variable assignments for 'w_temp' and 'status_temp' can       *
                      00009 ;   be removed.                                                       *                        
                      00010 ;                                                                     *
                      00011 ;   Refer to the MPASM User's Guide for additional information on     *
                      00012 ;   features of the assembler (Document DS33014).                     *
                      00013 ;                                                                     *
                      00014 ;   Refer to the respective PIC data sheet for additional            *
                      00015 ;   information on the instruction set.                               *
                      00016 ;                                                                     *
                      00017 ;   Template file assembled with MPLAB V4.00.00 and MPASM V2.20.12.   *
                      00018 ;                                                                     *
                      00019 ;**********************************************************************
                      00020 ;                                                                     *
                      00021 ;    Filename:      xxx.asm                                           *
                      00022 ;    Date:                                                            *
                      00023 ;    File Version:                                                    *
                      00024 ;                                                                     *
                      00025 ;    Author:                                                          *
                      00026 ;    Company:                                                         *
                      00027 ;                                                                     * 
                      00028 ;                                                                     *
                      00029 ;**********************************************************************
                      00030 ;                                                                     *
                      00031 ;    Files required:                                                  *
                      00032 ;                                                                     *
                      00033 ;                                                                     *
                      00034 ;                                                                     *
                      00035 ;**********************************************************************
                      00036 ;                                                                     *
                      00037 ;    Notes:                                                           *
                      00038 ;                                                                     *
                      00039 ;                                                                     *
                      00040 ;                                                                     *
                      00041 ;                                                                     *
                      00042 ;**********************************************************************
                      00043 
                      00044 
                      00045         list      p=16F84A            ; list directive to define processor
                      00046         #include <p16F84A.inc>        ; processor specific variable definitions
                      00001         LIST
                      00002 ; P16F84A.INC  Standard Header File, Version 2.00    Microchip Technology, Inc.
                      00134         LIST
                      00047 
2007   3FF1           00048         __CONFIG   _CP_OFF & _WDT_OFF & _PWRTE_ON & _XT_OSC
                      00049 
                      00050 ; '__CONFIG' directive is used to embed configuration data within .asm file.
MPASM  5.14                    16F84ATEMP.ASM   8-17-2012  10:52:43         PAGE  2


LOC  OBJECT CODE     LINE SOURCE TEXT
  VALUE

                      00051 ; The lables following the directive are located in the respective .inc file.
                      00052 ; See respective data sheet for additional information on configuration word.
                      00053 
                      00054 
                      00055 
                      00056 
                      00057 ;***** VARIABLE DEFINITIONS
  0000000C            00058 w_temp        EQU     0x0C        ; variable used for context saving 
  0000000D            00059 status_temp   EQU     0x0D        ; variable used for context saving
                      00060 
                      00061 
                      00062 
                      00063 
                      00064 
                      00065 
                      00066 
                      00067 
                      00068 ;**********************************************************************
0000                  00069                 ORG     0x000             ; processor reset vector
0000   2801           00070                 goto    main              ; go to beginning of program
                      00071 
                      00072 
                      00073 ;               ORG     0x004             ; interrupt vector location
                      00074 ;               movwf   w_temp            ; save off current W register contents
                      00075 ;               movf    STATUS,w          ; move status register into W register
                      00076 ;               movwf   status_temp       ; save off contents of STATUS register
                      00077 ;
                      00078 ;
                      00079 ;; isr code can go here or be located as a call subroutine elsewhere
                      00080 ;
                      00081 ;
                      00082 ;               movf    status_temp,w     ; retrieve copy of STATUS register
                      00083 ;               movwf   STATUS            ; restore pre-isr STATUS register contents
                      00084 ;               swapf   w_temp,f
                      00085 ;               swapf   w_temp,w          ; restore pre-isr W register contents
                      00086 ;               retfie                    ; return from interrupt
                      00087 
                      00088 
                      00089 
0001                  00090 main
                      00091                 
0001   1683           00092                 BSF STATUS,5    ; bank 1
Message[302]: Register in operand not in bank 0.  Ensure that bank bits are correct.
0002   0186           00093                 CLRF TRISB              ; setting the pins to be output
0003   1283           00094                 BCF STATUS,5    ; bank 0        
                      00095                 
                      00096                 ;CLRF PORTB
0004   30AA           00097                 MOVLW b'10101010'
0005   0086           00098                 MOVWF PORTB
                      00099                 
0006   0194           00100                 CLRF 14H
0007   0192           00101                 CLRF 12h
0008   0F92           00102 lbl             InCFSZ  12h,f   
MPASM  5.14                    16F84ATEMP.ASM   8-17-2012  10:52:43         PAGE  3


LOC  OBJECT CODE     LINE SOURCE TEXT
  VALUE

0009   2808           00103                 goto lbl
                      00104                 
                      00105 
                      00106 
                      00107 ; remaining code goes here
                      00108 
                      00109 
                      00110 
                      00111 
                      00112 
                      00113 
                      00114 
                      00115 
                      00116 
                      00117 
                      00118                 END                     ; directive 'end of program'
MPASM  5.14                    16F84ATEMP.ASM   8-17-2012  10:52:43         PAGE  4


SYMBOL TABLE
  LABEL                             VALUE 

C                                 00000000
DC                                00000001
EEADR                             00000009
EECON1                            00000088
EECON2                            00000089
EEDATA                            00000008
EEIE                              00000006
EEIF                              00000004
F                                 00000001
FSR                               00000004
GIE                               00000007
INDF                              00000000
INTCON                            0000000B
INTE                              00000004
INTEDG                            00000006
INTF                              00000001
IRP                               00000007
NOT_PD                            00000003
NOT_RBPU                          00000007
NOT_TO                            00000004
OPTION_REG                        00000081
PCL                               00000002
PCLATH                            0000000A
PORTA                             00000005
PORTB                             00000006
PS0                               00000000
PS1                               00000001
PS2                               00000002
PSA                               00000003
RBIE                              00000003
RBIF                              00000000
RD                                00000000
RP0                               00000005
RP1                               00000006
STATUS                            00000003
T0CS                              00000005
T0IE                              00000005
T0IF                              00000002
T0SE                              00000004
TMR0                              00000001
TRISA                             00000085
TRISB                             00000086
W                                 00000000
WR                                00000001
WREN                              00000002
WRERR                             00000003
Z                                 00000002
_CP_OFF                           00003FFF
_CP_ON                            0000000F
_HS_OSC                           00003FFE
_LP_OSC                           00003FFC
_PWRTE_OFF                        00003FFF
_PWRTE_ON                         00003FF7
MPASM  5.14                    16F84ATEMP.ASM   8-17-2012  10:52:43         PAGE  5


SYMBOL TABLE
  LABEL                             VALUE 

_RC_OSC                           00003FFF
_WDT_OFF                          00003FFB
_WDT_ON                           00003FFF
_XT_OSC                           00003FFD
__16F84A                          00000001
lbl                               00000008
main                              00000001
status_temp                       0000000D
w_temp                            0000000C


MEMORY USAGE MAP ('X' = Used,  '-' = Unused)

0000 : XXXXXXXXXX------ ---------------- ---------------- ----------------
2000 : -------X-------- ---------------- ---------------- ----------------

All other memory blocks unused.

Program Memory Words Used:    10
Program Memory Words Free:  1014


Errors   :     0
Warnings :     0 reported,     0 suppressed
Messages :     1 reported,     0 suppressed

